This file contains any messages produced by compilers while
running configure, to aid debugging if configure makes a mistake.

It was created by dansguardian configure 2.12.0.0, which was
generated by GNU Autoconf 2.68.  Invocation command line was

  $ ./configure --mandir=/usr/share/man/ --with-proxyuser=dansguardian --with-proxygroup=dansguardian --prefix=/usr --mandir=${prefix}/share/man --infodir=${prefix}/share/info --sysconfdir=/etc --localstatedir=/var --enable-commandline=yes --enable-trickledm=yes CXX=g++ CXXFLAGS=-g -O2 LDFLAGS= CPPFLAGS= CC=cc CFLAGS=-g -O2 --enable-email=no --enable-ntlm=no --enable-pcre=yes --with-filedescriptors=8196

## --------- ##
## Platform. ##
## --------- ##

hostname = debian-squeeze
uname -m = i686
uname -r = 2.6.32-5-686
uname -s = Linux
uname -v = #1 SMP Fri May 10 08:33:48 UTC 2013

/usr/bin/uname -p = unknown
/bin/uname -X     = unknown

/bin/arch              = unknown
/usr/bin/arch -k       = unknown
/usr/convex/getsysinfo = unknown
/usr/bin/hostinfo      = unknown
/bin/machine           = unknown
/usr/bin/oslevel       = unknown
/bin/universe          = unknown

PATH: /usr/local/sbin
PATH: /usr/local/bin
PATH: /usr/sbin
PATH: /usr/bin
PATH: /sbin
PATH: /bin


## ----------- ##
## Core tests. ##
## ----------- ##

configure:2431: checking for a BSD-compatible install
configure:2499: result: /usr/bin/install -c
configure:2510: checking whether build environment is sane
configure:2560: result: yes
configure:2701: checking for a thread-safe mkdir -p
configure:2740: result: /bin/mkdir -p
configure:2753: checking for gawk
configure:2783: result: no
configure:2753: checking for mawk
configure:2769: found /usr/bin/mawk
configure:2780: result: mawk
configure:2791: checking whether make sets $(MAKE)
configure:2813: result: yes
configure:3027: checking for C++ compiler version
configure:3036: g++ --version >&5
g++ (Debian 4.4.5-8) 4.4.5
Copyright (C) 2010 Free Software Foundation, Inc.
This is free software; see the source for copying conditions.  There is NO
warranty; not even for MERCHANTABILITY or FITNESS FOR A PARTICULAR PURPOSE.

configure:3047: $? = 0
configure:3036: g++ -v >&5
Using built-in specs.
Target: i486-linux-gnu
Configured with: ../src/configure -v --with-pkgversion='Debian 4.4.5-8' --with-bugurl=file:///usr/share/doc/gcc-4.4/README.Bugs --enable-languages=c,c++,fortran,objc,obj-c++ --prefix=/usr --program-suffix=-4.4 --enable-shared --enable-multiarch --enable-linker-build-id --with-system-zlib --libexecdir=/usr/lib --without-included-gettext --enable-threads=posix --with-gxx-include-dir=/usr/include/c++/4.4 --libdir=/usr/lib --enable-nls --enable-clocale=gnu --enable-libstdcxx-debug --enable-objc-gc --enable-targets=all --with-arch-32=i586 --with-tune=generic --enable-checking=release --build=i486-linux-gnu --host=i486-linux-gnu --target=i486-linux-gnu
Thread model: posix
gcc version 4.4.5 (Debian 4.4.5-8) 
configure:3047: $? = 0
configure:3036: g++ -V >&5
g++: '-V' option must have argument
configure:3047: $? = 1
configure:3036: g++ -qversion >&5
g++: unrecognized option '-qversion'
g++: no input files
configure:3047: $? = 1
configure:3067: checking whether the C++ compiler works
configure:3089: g++ -g -O2   conftest.cpp  >&5
configure:3093: $? = 0
configure:3141: result: yes
configure:3144: checking for C++ compiler default output file name
configure:3146: result: a.out
configure:3152: checking for suffix of executables
configure:3159: g++ -o conftest -g -O2   conftest.cpp  >&5
configure:3163: $? = 0
configure:3185: result: 
configure:3207: checking whether we are cross compiling
configure:3215: g++ -o conftest -g -O2   conftest.cpp  >&5
configure:3219: $? = 0
configure:3226: ./conftest
configure:3230: $? = 0
configure:3245: result: no
configure:3250: checking for suffix of object files
configure:3272: g++ -c -g -O2  conftest.cpp >&5
configure:3276: $? = 0
configure:3297: result: o
configure:3301: checking whether we are using the GNU C++ compiler
configure:3320: g++ -c -g -O2  conftest.cpp >&5
configure:3320: $? = 0
configure:3329: result: yes
configure:3338: checking whether g++ accepts -g
configure:3358: g++ -c -g  conftest.cpp >&5
configure:3358: $? = 0
configure:3399: result: yes
configure:3433: checking for style of include used by make
configure:3461: result: GNU
configure:3487: checking dependency style of g++
configure:3598: result: gcc3
configure:3661: checking for gcc
configure:3688: result: cc
configure:3917: checking for C compiler version
configure:3926: cc --version >&5
cc (Debian 4.4.5-8) 4.4.5
Copyright (C) 2010 Free Software Foundation, Inc.
This is free software; see the source for copying conditions.  There is NO
warranty; not even for MERCHANTABILITY or FITNESS FOR A PARTICULAR PURPOSE.

configure:3937: $? = 0
configure:3926: cc -v >&5
Using built-in specs.
Target: i486-linux-gnu
Configured with: ../src/configure -v --with-pkgversion='Debian 4.4.5-8' --with-bugurl=file:///usr/share/doc/gcc-4.4/README.Bugs --enable-languages=c,c++,fortran,objc,obj-c++ --prefix=/usr --program-suffix=-4.4 --enable-shared --enable-multiarch --enable-linker-build-id --with-system-zlib --libexecdir=/usr/lib --without-included-gettext --enable-threads=posix --with-gxx-include-dir=/usr/include/c++/4.4 --libdir=/usr/lib --enable-nls --enable-clocale=gnu --enable-libstdcxx-debug --enable-objc-gc --enable-targets=all --with-arch-32=i586 --with-tune=generic --enable-checking=release --build=i486-linux-gnu --host=i486-linux-gnu --target=i486-linux-gnu
Thread model: posix
gcc version 4.4.5 (Debian 4.4.5-8) 
configure:3937: $? = 0
configure:3926: cc -V >&5
cc: '-V' option must have argument
configure:3937: $? = 1
configure:3926: cc -qversion >&5
cc: unrecognized option '-qversion'
cc: no input files
configure:3937: $? = 1
configure:3941: checking whether we are using the GNU C compiler
configure:3960: cc -c -g -O2  conftest.c >&5
configure:3960: $? = 0
configure:3969: result: yes
configure:3978: checking whether cc accepts -g
configure:3998: cc -c -g  conftest.c >&5
configure:3998: $? = 0
configure:4039: result: yes
configure:4056: checking for cc option to accept ISO C89
configure:4120: cc  -c -g -O2  conftest.c >&5
configure:4120: $? = 0
configure:4133: result: none needed
configure:4155: checking dependency style of cc
configure:4266: result: gcc3
configure:4286: checking how to run the C preprocessor
configure:4317: cc -E  conftest.c
configure:4317: $? = 0
configure:4331: cc -E  conftest.c
conftest.c:11:28: error: ac_nonexistent.h: No such file or directory
configure:4331: $? = 1
configure: failed program was:
| /* confdefs.h */
| #define PACKAGE_NAME "dansguardian"
| #define PACKAGE_TARNAME "dansguardian"
| #define PACKAGE_VERSION "2.12.0.7 http://numsys.eu - Unofficial Release ! -"
| #define PACKAGE_STRING "dansguardian 2.12.0.7"
| #define PACKAGE_BUGREPORT ""
| #define PACKAGE_URL ""
| #define PACKAGE "dansguardian"
| #define VERSION "2.12.0.4"
| /* end confdefs.h.  */
| #include <ac_nonexistent.h>
configure:4356: result: cc -E
configure:4376: cc -E  conftest.c
configure:4376: $? = 0
configure:4390: cc -E  conftest.c
conftest.c:11:28: error: ac_nonexistent.h: No such file or directory
configure:4390: $? = 1
configure: failed program was:
| /* confdefs.h */
| #define PACKAGE_NAME "dansguardian"
| #define PACKAGE_TARNAME "dansguardian"
| #define PACKAGE_VERSION "2.12.0.7 http://numsys.eu - Unofficial Release ! -"
| #define PACKAGE_STRING "dansguardian 2.12.0.7"
| #define PACKAGE_BUGREPORT ""
| #define PACKAGE_URL ""
| #define PACKAGE "dansguardian"
| #define VERSION "2.12.0.4"
| /* end confdefs.h.  */
| #include <ac_nonexistent.h>
configure:4419: checking whether ln -s works
configure:4423: result: yes
configure:4430: checking whether make sets $(MAKE)
configure:4452: result: yes
configure:4562: checking how to run the C++ preprocessor
configure:4589: g++ -E  conftest.cpp
configure:4589: $? = 0
configure:4603: g++ -E  conftest.cpp
conftest.cpp:11:28: error: ac_nonexistent.h: No such file or directory
configure:4603: $? = 1
configure: failed program was:
| /* confdefs.h */
| #define PACKAGE_NAME "dansguardian"
| #define PACKAGE_TARNAME "dansguardian"
| #define PACKAGE_VERSION "2.12.0.7 http://numsys.eu - Unofficial Release ! -"
| #define PACKAGE_STRING "dansguardian 2.12.0.7"
| #define PACKAGE_BUGREPORT ""
| #define PACKAGE_URL ""
| #define PACKAGE "dansguardian"
| #define VERSION "2.12.0.4"
| /* end confdefs.h.  */
| #include <ac_nonexistent.h>
configure:4628: result: g++ -E
configure:4648: g++ -E  conftest.cpp
configure:4648: $? = 0
configure:4662: g++ -E  conftest.cpp
conftest.cpp:11:28: error: ac_nonexistent.h: No such file or directory
configure:4662: $? = 1
configure: failed program was:
| /* confdefs.h */
| #define PACKAGE_NAME "dansguardian"
| #define PACKAGE_TARNAME "dansguardian"
| #define PACKAGE_VERSION "2.12.0.7 http://numsys.eu - Unofficial Release ! -"
| #define PACKAGE_STRING "dansguardian 2.12.0.7"
| #define PACKAGE_BUGREPORT ""
| #define PACKAGE_URL ""
| #define PACKAGE "dansguardian"
| #define VERSION "2.12.0.4"
| /* end confdefs.h.  */
| #include <ac_nonexistent.h>
configure:4691: checking for grep that handles long lines and -e
configure:4749: result: /bin/grep
configure:4754: checking for egrep
configure:4816: result: /bin/grep -E
configure:4821: checking for ANSI C header files
configure:4841: g++ -c -g -O2  conftest.cpp >&5
configure:4841: $? = 0
configure:4914: g++ -o conftest -g -O2   conftest.cpp  >&5
configure:4914: $? = 0
configure:4914: ./conftest
configure:4914: $? = 0
configure:4925: result: yes
configure:4938: checking for sys/types.h
configure:4938: g++ -c -g -O2  conftest.cpp >&5
configure:4938: $? = 0
configure:4938: result: yes
configure:4938: checking for sys/stat.h
configure:4938: g++ -c -g -O2  conftest.cpp >&5
configure:4938: $? = 0
configure:4938: result: yes
configure:4938: checking for stdlib.h
configure:4938: g++ -c -g -O2  conftest.cpp >&5
configure:4938: $? = 0
configure:4938: result: yes
configure:4938: checking for string.h
configure:4938: g++ -c -g -O2  conftest.cpp >&5
configure:4938: $? = 0
configure:4938: result: yes
configure:4938: checking for memory.h
configure:4938: g++ -c -g -O2  conftest.cpp >&5
configure:4938: $? = 0
configure:4938: result: yes
configure:4938: checking for strings.h
configure:4938: g++ -c -g -O2  conftest.cpp >&5
configure:4938: $? = 0
configure:4938: result: yes
configure:4938: checking for inttypes.h
configure:4938: g++ -c -g -O2  conftest.cpp >&5
configure:4938: $? = 0
configure:4938: result: yes
configure:4938: checking for stdint.h
configure:4938: g++ -c -g -O2  conftest.cpp >&5
configure:4938: $? = 0
configure:4938: result: yes
configure:4938: checking for unistd.h
configure:4938: g++ -c -g -O2  conftest.cpp >&5
configure:4938: $? = 0
configure:4938: result: yes
configure:4953: checking arpa/inet.h usability
configure:4953: g++ -c -g -O2  conftest.cpp >&5
configure:4953: $? = 0
configure:4953: result: yes
configure:4953: checking arpa/inet.h presence
configure:4953: g++ -E  conftest.cpp
configure:4953: $? = 0
configure:4953: result: yes
configure:4953: checking for arpa/inet.h
configure:4953: result: yes
configure:4953: checking fcntl.h usability
configure:4953: g++ -c -g -O2  conftest.cpp >&5
configure:4953: $? = 0
configure:4953: result: yes
configure:4953: checking fcntl.h presence
configure:4953: g++ -E  conftest.cpp
configure:4953: $? = 0
configure:4953: result: yes
configure:4953: checking for fcntl.h
configure:4953: result: yes
configure:4953: checking limits.h usability
configure:4953: g++ -c -g -O2  conftest.cpp >&5
configure:4953: $? = 0
configure:4953: result: yes
configure:4953: checking limits.h presence
configure:4953: g++ -E  conftest.cpp
configure:4953: $? = 0
configure:4953: result: yes
configure:4953: checking for limits.h
configure:4953: result: yes
configure:4953: checking netdb.h usability
configure:4953: g++ -c -g -O2  conftest.cpp >&5
configure:4953: $? = 0
configure:4953: result: yes
configure:4953: checking netdb.h presence
configure:4953: g++ -E  conftest.cpp
configure:4953: $? = 0
configure:4953: result: yes
configure:4953: checking for netdb.h
configure:4953: result: yes
configure:4953: checking netinet/in.h usability
configure:4953: g++ -c -g -O2  conftest.cpp >&5
configure:4953: $? = 0
configure:4953: result: yes
configure:4953: checking netinet/in.h presence
configure:4953: g++ -E  conftest.cpp
configure:4953: $? = 0
configure:4953: result: yes
configure:4953: checking for netinet/in.h
configure:4953: result: yes
configure:4953: checking for stdlib.h
configure:4953: result: yes
configure:4966: checking for string.h
configure:4966: result: yes
configure:4966: checking sys/socket.h usability
configure:4966: g++ -c -g -O2  conftest.cpp >&5
configure:4966: $? = 0
configure:4966: result: yes
configure:4966: checking sys/socket.h presence
configure:4966: g++ -E  conftest.cpp
configure:4966: $? = 0
configure:4966: result: yes
configure:4966: checking for sys/socket.h
configure:4966: result: yes
configure:4966: checking sys/time.h usability
configure:4966: g++ -c -g -O2  conftest.cpp >&5
configure:4966: $? = 0
configure:4966: result: yes
configure:4966: checking sys/time.h presence
configure:4966: g++ -E  conftest.cpp
configure:4966: $? = 0
configure:4966: result: yes
configure:4966: checking for sys/time.h
configure:4966: result: yes
configure:4966: checking syslog.h usability
configure:4966: g++ -c -g -O2  conftest.cpp >&5
configure:4966: $? = 0
configure:4966: result: yes
configure:4966: checking syslog.h presence
configure:4966: g++ -E  conftest.cpp
configure:4966: $? = 0
configure:4966: result: yes
configure:4966: checking for syslog.h
configure:4966: result: yes
configure:4966: checking for unistd.h
configure:4966: result: yes
configure:4966: checking locale.h usability
configure:4966: g++ -c -g -O2  conftest.cpp >&5
configure:4966: $? = 0
configure:4966: result: yes
configure:4966: checking locale.h presence
configure:4966: g++ -E  conftest.cpp
configure:4966: $? = 0
configure:4966: result: yes
configure:4966: checking for locale.h
configure:4966: result: yes
configure:4979: checking for sys/types.h
configure:4979: result: yes
configure:4979: checking sys/un.h usability
configure:4979: g++ -c -g -O2  conftest.cpp >&5
configure:4979: $? = 0
configure:4979: result: yes
configure:4979: checking sys/un.h presence
configure:4979: g++ -E  conftest.cpp
configure:4979: $? = 0
configure:4979: result: yes
configure:4979: checking for sys/un.h
configure:4979: result: yes
configure:4979: checking sys/poll.h usability
configure:4979: g++ -c -g -O2  conftest.cpp >&5
configure:4979: $? = 0
configure:4979: result: yes
configure:4979: checking sys/poll.h presence
configure:4979: g++ -E  conftest.cpp
configure:4979: $? = 0
configure:4979: result: yes
configure:4979: checking for sys/poll.h
configure:4979: result: yes
configure:4979: checking sys/resource.h usability
configure:4979: g++ -c -g -O2  conftest.cpp >&5
configure:4979: $? = 0
configure:4979: result: yes
configure:4979: checking sys/resource.h presence
configure:4979: g++ -E  conftest.cpp
configure:4979: $? = 0
configure:4979: result: yes
configure:4979: checking for sys/resource.h
configure:4979: result: yes
configure:4992: checking pwd.h usability
configure:4992: g++ -c -g -O2  conftest.cpp >&5
configure:4992: $? = 0
configure:4992: result: yes
configure:4992: checking pwd.h presence
configure:4992: g++ -E  conftest.cpp
configure:4992: $? = 0
configure:4992: result: yes
configure:4992: checking for pwd.h
configure:4992: result: yes
configure:4992: checking grp.h usability
configure:4992: g++ -c -g -O2  conftest.cpp >&5
configure:4992: $? = 0
configure:4992: result: yes
configure:4992: checking grp.h presence
configure:4992: g++ -E  conftest.cpp
configure:4992: $? = 0
configure:4992: result: yes
configure:4992: checking for grp.h
configure:4992: result: yes
configure:5004: checking byteswap.h usability
configure:5004: g++ -c -g -O2  conftest.cpp >&5
configure:5004: $? = 0
configure:5004: result: yes
configure:5004: checking byteswap.h presence
configure:5004: g++ -E  conftest.cpp
configure:5004: $? = 0
configure:5004: result: yes
configure:5004: checking for byteswap.h
configure:5004: result: yes
configure:5016: checking whether byte ordering is bigendian
configure:5031: g++ -c -g -O2  conftest.cpp >&5
conftest.cpp:41: error: expected unqualified-id before '!' token
configure:5031: $? = 1
configure: failed program was:
| /* confdefs.h */
| #define PACKAGE_NAME "dansguardian"
| #define PACKAGE_TARNAME "dansguardian"
| #define PACKAGE_VERSION "2.12.0.7 http://numsys.eu - Unofficial Release ! -"
| #define PACKAGE_STRING "dansguardian 2.12.0.7"
| #define PACKAGE_BUGREPORT ""
| #define PACKAGE_URL ""
| #define PACKAGE "dansguardian"
| #define VERSION "2.12.0.4"
| #define STDC_HEADERS 1
| #define HAVE_SYS_TYPES_H 1
| #define HAVE_SYS_STAT_H 1
| #define HAVE_STDLIB_H 1
| #define HAVE_STRING_H 1
| #define HAVE_MEMORY_H 1
| #define HAVE_STRINGS_H 1
| #define HAVE_INTTYPES_H 1
| #define HAVE_STDINT_H 1
| #define HAVE_UNISTD_H 1
| #define HAVE_ARPA_INET_H 1
| #define HAVE_FCNTL_H 1
| #define HAVE_LIMITS_H 1
| #define HAVE_NETDB_H 1
| #define HAVE_NETINET_IN_H 1
| #define HAVE_STDLIB_H 1
| #define HAVE_STRING_H 1
| #define HAVE_SYS_SOCKET_H 1
| #define HAVE_SYS_TIME_H 1
| #define HAVE_SYSLOG_H 1
| #define HAVE_UNISTD_H 1
| #define HAVE_LOCALE_H 1
| #define HAVE_SYS_TYPES_H 1
| #define HAVE_SYS_UN_H 1
| #define HAVE_SYS_POLL_H 1
| #define HAVE_SYS_RESOURCE_H 1
| #define HAVE_PWD_H 1
| #define HAVE_GRP_H 1
| #define HAVE_BYTESWAP_H 1
| /* end confdefs.h.  */
| #ifndef __APPLE_CC__
| 	       not a universal capable compiler
| 	     #endif
| 	     typedef int dummy;
| 
configure:5076: g++ -c -g -O2  conftest.cpp >&5
configure:5076: $? = 0
configure:5094: g++ -c -g -O2  conftest.cpp >&5
conftest.cpp: In function 'int main()':
conftest.cpp:47: error: 'big' was not declared in this scope
conftest.cpp:47: error: expected ';' before 'endian'
configure:5094: $? = 1
configure: failed program was:
| /* confdefs.h */
| #define PACKAGE_NAME "dansguardian"
| #define PACKAGE_TARNAME "dansguardian"
| #define PACKAGE_VERSION "2.12.0.7 http://numsys.eu - Unofficial Release ! -"
| #define PACKAGE_STRING "dansguardian 2.12.0.7"
| #define PACKAGE_BUGREPORT ""
| #define PACKAGE_URL ""
| #define PACKAGE "dansguardian"
| #define VERSION "2.12.0.4"
| #define STDC_HEADERS 1
| #define HAVE_SYS_TYPES_H 1
| #define HAVE_SYS_STAT_H 1
| #define HAVE_STDLIB_H 1
| #define HAVE_STRING_H 1
| #define HAVE_MEMORY_H 1
| #define HAVE_STRINGS_H 1
| #define HAVE_INTTYPES_H 1
| #define HAVE_STDINT_H 1
| #define HAVE_UNISTD_H 1
| #define HAVE_ARPA_INET_H 1
| #define HAVE_FCNTL_H 1
| #define HAVE_LIMITS_H 1
| #define HAVE_NETDB_H 1
| #define HAVE_NETINET_IN_H 1
| #define HAVE_STDLIB_H 1
| #define HAVE_STRING_H 1
| #define HAVE_SYS_SOCKET_H 1
| #define HAVE_SYS_TIME_H 1
| #define HAVE_SYSLOG_H 1
| #define HAVE_UNISTD_H 1
| #define HAVE_LOCALE_H 1
| #define HAVE_SYS_TYPES_H 1
| #define HAVE_SYS_UN_H 1
| #define HAVE_SYS_POLL_H 1
| #define HAVE_SYS_RESOURCE_H 1
| #define HAVE_PWD_H 1
| #define HAVE_GRP_H 1
| #define HAVE_BYTESWAP_H 1
| /* end confdefs.h.  */
| #include <sys/types.h>
| 		#include <sys/param.h>
| 
| int
| main ()
| {
| #if BYTE_ORDER != BIG_ENDIAN
| 		 not big endian
| 		#endif
| 
|   ;
|   return 0;
| }
configure:5222: result: no
configure:5242: checking if zlib should be statically linked
configure:5259: result: no
configure:5265: checking for zlib
configure:5290: checking zlib.h usability
configure:5290: g++ -c -g -O2  conftest.cpp >&5
configure:5290: $? = 0
configure:5290: result: yes
configure:5290: checking zlib.h presence
configure:5290: g++ -E  conftest.cpp
configure:5290: $? = 0
configure:5290: result: yes
configure:5290: checking for zlib.h
configure:5290: result: yes
configure:5301: checking for gzdopen in -lz
configure:5326: g++ -o conftest -g -O2   conftest.cpp -lz  -lz  >&5
configure:5326: $? = 0
configure:5335: result: yes
configure:5338: result: yes
configure:5433: checking for pid_t
configure:5433: g++ -c -g -O2  conftest.cpp >&5
configure:5433: $? = 0
configure:5433: g++ -c -g -O2  conftest.cpp >&5
conftest.cpp: In function 'int main()':
conftest.cpp:77: error: expected primary-expression before ')' token
configure:5433: $? = 1
configure: failed program was:
| /* confdefs.h */
| #define PACKAGE_NAME "dansguardian"
| #define PACKAGE_TARNAME "dansguardian"
| #define PACKAGE_VERSION "2.12.0.7 http://numsys.eu - Unofficial Release ! -"
| #define PACKAGE_STRING "dansguardian 2.12.0.7"
| #define PACKAGE_BUGREPORT ""
| #define PACKAGE_URL ""
| #define PACKAGE "dansguardian"
| #define VERSION "2.12.0.4"
| #define STDC_HEADERS 1
| #define HAVE_SYS_TYPES_H 1
| #define HAVE_SYS_STAT_H 1
| #define HAVE_STDLIB_H 1
| #define HAVE_STRING_H 1
| #define HAVE_MEMORY_H 1
| #define HAVE_STRINGS_H 1
| #define HAVE_INTTYPES_H 1
| #define HAVE_STDINT_H 1
| #define HAVE_UNISTD_H 1
| #define HAVE_ARPA_INET_H 1
| #define HAVE_FCNTL_H 1
| #define HAVE_LIMITS_H 1
| #define HAVE_NETDB_H 1
| #define HAVE_NETINET_IN_H 1
| #define HAVE_STDLIB_H 1
| #define HAVE_STRING_H 1
| #define HAVE_SYS_SOCKET_H 1
| #define HAVE_SYS_TIME_H 1
| #define HAVE_SYSLOG_H 1
| #define HAVE_UNISTD_H 1
| #define HAVE_LOCALE_H 1
| #define HAVE_SYS_TYPES_H 1
| #define HAVE_SYS_UN_H 1
| #define HAVE_SYS_POLL_H 1
| #define HAVE_SYS_RESOURCE_H 1
| #define HAVE_PWD_H 1
| #define HAVE_GRP_H 1
| #define HAVE_BYTESWAP_H 1
| #define HAVE_ZLIB_H 1
| /* end confdefs.h.  */
| #include <stdio.h>
| #ifdef HAVE_SYS_TYPES_H
| # include <sys/types.h>
| #endif
| #ifdef HAVE_SYS_STAT_H
| # include <sys/stat.h>
| #endif
| #ifdef STDC_HEADERS
| # include <stdlib.h>
| # include <stddef.h>
| #else
| # ifdef HAVE_STDLIB_H
| #  include <stdlib.h>
| # endif
| #endif
| #ifdef HAVE_STRING_H
| # if !defined STDC_HEADERS && defined HAVE_MEMORY_H
| #  include <memory.h>
| # endif
| # include <string.h>
| #endif
| #ifdef HAVE_STRINGS_H
| # include <strings.h>
| #endif
| #ifdef HAVE_INTTYPES_H
| # include <inttypes.h>
| #endif
| #ifdef HAVE_STDINT_H
| # include <stdint.h>
| #endif
| #ifdef HAVE_UNISTD_H
| # include <unistd.h>
| #endif
| int
| main ()
| {
| if (sizeof ((pid_t)))
| 	    return 0;
|   ;
|   return 0;
| }
configure:5433: result: yes
configure:5444: checking for size_t
configure:5444: g++ -c -g -O2  conftest.cpp >&5
configure:5444: $? = 0
configure:5444: g++ -c -g -O2  conftest.cpp >&5
conftest.cpp: In function 'int main()':
conftest.cpp:77: error: expected primary-expression before ')' token
configure:5444: $? = 1
configure: failed program was:
| /* confdefs.h */
| #define PACKAGE_NAME "dansguardian"
| #define PACKAGE_TARNAME "dansguardian"
| #define PACKAGE_VERSION "2.12.0.7 http://numsys.eu - Unofficial Release ! -"
| #define PACKAGE_STRING "dansguardian 2.12.0.7"
| #define PACKAGE_BUGREPORT ""
| #define PACKAGE_URL ""
| #define PACKAGE "dansguardian"
| #define VERSION "2.12.0.4"
| #define STDC_HEADERS 1
| #define HAVE_SYS_TYPES_H 1
| #define HAVE_SYS_STAT_H 1
| #define HAVE_STDLIB_H 1
| #define HAVE_STRING_H 1
| #define HAVE_MEMORY_H 1
| #define HAVE_STRINGS_H 1
| #define HAVE_INTTYPES_H 1
| #define HAVE_STDINT_H 1
| #define HAVE_UNISTD_H 1
| #define HAVE_ARPA_INET_H 1
| #define HAVE_FCNTL_H 1
| #define HAVE_LIMITS_H 1
| #define HAVE_NETDB_H 1
| #define HAVE_NETINET_IN_H 1
| #define HAVE_STDLIB_H 1
| #define HAVE_STRING_H 1
| #define HAVE_SYS_SOCKET_H 1
| #define HAVE_SYS_TIME_H 1
| #define HAVE_SYSLOG_H 1
| #define HAVE_UNISTD_H 1
| #define HAVE_LOCALE_H 1
| #define HAVE_SYS_TYPES_H 1
| #define HAVE_SYS_UN_H 1
| #define HAVE_SYS_POLL_H 1
| #define HAVE_SYS_RESOURCE_H 1
| #define HAVE_PWD_H 1
| #define HAVE_GRP_H 1
| #define HAVE_BYTESWAP_H 1
| #define HAVE_ZLIB_H 1
| /* end confdefs.h.  */
| #include <stdio.h>
| #ifdef HAVE_SYS_TYPES_H
| # include <sys/types.h>
| #endif
| #ifdef HAVE_SYS_STAT_H
| # include <sys/stat.h>
| #endif
| #ifdef STDC_HEADERS
| # include <stdlib.h>
| # include <stddef.h>
| #else
| # ifdef HAVE_STDLIB_H
| #  include <stdlib.h>
| # endif
| #endif
| #ifdef HAVE_STRING_H
| # if !defined STDC_HEADERS && defined HAVE_MEMORY_H
| #  include <memory.h>
| # endif
| # include <string.h>
| #endif
| #ifdef HAVE_STRINGS_H
| # include <strings.h>
| #endif
| #ifdef HAVE_INTTYPES_H
| # include <inttypes.h>
| #endif
| #ifdef HAVE_STDINT_H
| # include <stdint.h>
| #endif
| #ifdef HAVE_UNISTD_H
| # include <unistd.h>
| #endif
| int
| main ()
| {
| if (sizeof ((size_t)))
| 	    return 0;
|   ;
|   return 0;
| }
configure:5444: result: yes
configure:5455: checking for off_t
configure:5455: g++ -c -g -O2  conftest.cpp >&5
configure:5455: $? = 0
configure:5455: g++ -c -g -O2  conftest.cpp >&5
conftest.cpp: In function 'int main()':
conftest.cpp:77: error: expected primary-expression before ')' token
configure:5455: $? = 1
configure: failed program was:
| /* confdefs.h */
| #define PACKAGE_NAME "dansguardian"
| #define PACKAGE_TARNAME "dansguardian"
| #define PACKAGE_VERSION "2.12.0.7 http://numsys.eu - Unofficial Release ! -"
| #define PACKAGE_STRING "dansguardian 2.12.0.7"
| #define PACKAGE_BUGREPORT ""
| #define PACKAGE_URL ""
| #define PACKAGE "dansguardian"
| #define VERSION "2.12.0.4"
| #define STDC_HEADERS 1
| #define HAVE_SYS_TYPES_H 1
| #define HAVE_SYS_STAT_H 1
| #define HAVE_STDLIB_H 1
| #define HAVE_STRING_H 1
| #define HAVE_MEMORY_H 1
| #define HAVE_STRINGS_H 1
| #define HAVE_INTTYPES_H 1
| #define HAVE_STDINT_H 1
| #define HAVE_UNISTD_H 1
| #define HAVE_ARPA_INET_H 1
| #define HAVE_FCNTL_H 1
| #define HAVE_LIMITS_H 1
| #define HAVE_NETDB_H 1
| #define HAVE_NETINET_IN_H 1
| #define HAVE_STDLIB_H 1
| #define HAVE_STRING_H 1
| #define HAVE_SYS_SOCKET_H 1
| #define HAVE_SYS_TIME_H 1
| #define HAVE_SYSLOG_H 1
| #define HAVE_UNISTD_H 1
| #define HAVE_LOCALE_H 1
| #define HAVE_SYS_TYPES_H 1
| #define HAVE_SYS_UN_H 1
| #define HAVE_SYS_POLL_H 1
| #define HAVE_SYS_RESOURCE_H 1
| #define HAVE_PWD_H 1
| #define HAVE_GRP_H 1
| #define HAVE_BYTESWAP_H 1
| #define HAVE_ZLIB_H 1
| /* end confdefs.h.  */
| #include <stdio.h>
| #ifdef HAVE_SYS_TYPES_H
| # include <sys/types.h>
| #endif
| #ifdef HAVE_SYS_STAT_H
| # include <sys/stat.h>
| #endif
| #ifdef STDC_HEADERS
| # include <stdlib.h>
| # include <stddef.h>
| #else
| # ifdef HAVE_STDLIB_H
| #  include <stdlib.h>
| # endif
| #endif
| #ifdef HAVE_STRING_H
| # if !defined STDC_HEADERS && defined HAVE_MEMORY_H
| #  include <memory.h>
| # endif
| # include <string.h>
| #endif
| #ifdef HAVE_STRINGS_H
| # include <strings.h>
| #endif
| #ifdef HAVE_INTTYPES_H
| # include <inttypes.h>
| #endif
| #ifdef HAVE_STDINT_H
| # include <stdint.h>
| #endif
| #ifdef HAVE_UNISTD_H
| # include <unistd.h>
| #endif
| int
| main ()
| {
| if (sizeof ((off_t)))
| 	    return 0;
|   ;
|   return 0;
| }
configure:5455: result: yes
configure:5466: checking for uid_t in sys/types.h
configure:5485: result: yes
configure:5500: checking vfork.h usability
configure:5500: g++ -c -g -O2  conftest.cpp >&5
conftest.cpp:74:19: error: vfork.h: No such file or directory
configure:5500: $? = 1
configure: failed program was:
| /* confdefs.h */
| #define PACKAGE_NAME "dansguardian"
| #define PACKAGE_TARNAME "dansguardian"
| #define PACKAGE_VERSION "2.12.0.7 http://numsys.eu - Unofficial Release ! -"
| #define PACKAGE_STRING "dansguardian 2.12.0.7"
| #define PACKAGE_BUGREPORT ""
| #define PACKAGE_URL ""
| #define PACKAGE "dansguardian"
| #define VERSION "2.12.0.4"
| #define STDC_HEADERS 1
| #define HAVE_SYS_TYPES_H 1
| #define HAVE_SYS_STAT_H 1
| #define HAVE_STDLIB_H 1
| #define HAVE_STRING_H 1
| #define HAVE_MEMORY_H 1
| #define HAVE_STRINGS_H 1
| #define HAVE_INTTYPES_H 1
| #define HAVE_STDINT_H 1
| #define HAVE_UNISTD_H 1
| #define HAVE_ARPA_INET_H 1
| #define HAVE_FCNTL_H 1
| #define HAVE_LIMITS_H 1
| #define HAVE_NETDB_H 1
| #define HAVE_NETINET_IN_H 1
| #define HAVE_STDLIB_H 1
| #define HAVE_STRING_H 1
| #define HAVE_SYS_SOCKET_H 1
| #define HAVE_SYS_TIME_H 1
| #define HAVE_SYSLOG_H 1
| #define HAVE_UNISTD_H 1
| #define HAVE_LOCALE_H 1
| #define HAVE_SYS_TYPES_H 1
| #define HAVE_SYS_UN_H 1
| #define HAVE_SYS_POLL_H 1
| #define HAVE_SYS_RESOURCE_H 1
| #define HAVE_PWD_H 1
| #define HAVE_GRP_H 1
| #define HAVE_BYTESWAP_H 1
| #define HAVE_ZLIB_H 1
| /* end confdefs.h.  */
| #include <stdio.h>
| #ifdef HAVE_SYS_TYPES_H
| # include <sys/types.h>
| #endif
| #ifdef HAVE_SYS_STAT_H
| # include <sys/stat.h>
| #endif
| #ifdef STDC_HEADERS
| # include <stdlib.h>
| # include <stddef.h>
| #else
| # ifdef HAVE_STDLIB_H
| #  include <stdlib.h>
| # endif
| #endif
| #ifdef HAVE_STRING_H
| # if !defined STDC_HEADERS && defined HAVE_MEMORY_H
| #  include <memory.h>
| # endif
| # include <string.h>
| #endif
| #ifdef HAVE_STRINGS_H
| # include <strings.h>
| #endif
| #ifdef HAVE_INTTYPES_H
| # include <inttypes.h>
| #endif
| #ifdef HAVE_STDINT_H
| # include <stdint.h>
| #endif
| #ifdef HAVE_UNISTD_H
| # include <unistd.h>
| #endif
| #include <vfork.h>
configure:5500: result: no
configure:5500: checking vfork.h presence
configure:5500: g++ -E  conftest.cpp
conftest.cpp:41:19: error: vfork.h: No such file or directory
configure:5500: $? = 1
configure: failed program was:
| /* confdefs.h */
| #define PACKAGE_NAME "dansguardian"
| #define PACKAGE_TARNAME "dansguardian"
| #define PACKAGE_VERSION "2.12.0.7 http://numsys.eu - Unofficial Release ! -"
| #define PACKAGE_STRING "dansguardian 2.12.0.7"
| #define PACKAGE_BUGREPORT ""
| #define PACKAGE_URL ""
| #define PACKAGE "dansguardian"
| #define VERSION "2.12.0.4"
| #define STDC_HEADERS 1
| #define HAVE_SYS_TYPES_H 1
| #define HAVE_SYS_STAT_H 1
| #define HAVE_STDLIB_H 1
| #define HAVE_STRING_H 1
| #define HAVE_MEMORY_H 1
| #define HAVE_STRINGS_H 1
| #define HAVE_INTTYPES_H 1
| #define HAVE_STDINT_H 1
| #define HAVE_UNISTD_H 1
| #define HAVE_ARPA_INET_H 1
| #define HAVE_FCNTL_H 1
| #define HAVE_LIMITS_H 1
| #define HAVE_NETDB_H 1
| #define HAVE_NETINET_IN_H 1
| #define HAVE_STDLIB_H 1
| #define HAVE_STRING_H 1
| #define HAVE_SYS_SOCKET_H 1
| #define HAVE_SYS_TIME_H 1
| #define HAVE_SYSLOG_H 1
| #define HAVE_UNISTD_H 1
| #define HAVE_LOCALE_H 1
| #define HAVE_SYS_TYPES_H 1
| #define HAVE_SYS_UN_H 1
| #define HAVE_SYS_POLL_H 1
| #define HAVE_SYS_RESOURCE_H 1
| #define HAVE_PWD_H 1
| #define HAVE_GRP_H 1
| #define HAVE_BYTESWAP_H 1
| #define HAVE_ZLIB_H 1
| /* end confdefs.h.  */
| #include <vfork.h>
configure:5500: result: no
configure:5500: checking for vfork.h
configure:5500: result: no
configure:5513: checking for fork
configure:5513: g++ -o conftest -g -O2   conftest.cpp -lz  >&5
configure:5513: $? = 0
configure:5513: result: yes
configure:5513: checking for vfork
configure:5513: g++ -o conftest -g -O2   conftest.cpp -lz  >&5
configure:5513: $? = 0
configure:5513: result: yes
configure:5523: checking for working fork
configure:5545: g++ -o conftest -g -O2   conftest.cpp -lz  >&5
configure:5545: $? = 0
configure:5545: ./conftest
configure:5545: $? = 0
configure:5555: result: yes
configure:5576: checking for working vfork
configure:5686: result: yes
configure:5714: checking for dup2
configure:5714: g++ -o conftest -g -O2   conftest.cpp -lz  >&5
configure:5714: $? = 0
configure:5714: result: yes
configure:5714: checking for gettimeofday
configure:5714: g++ -o conftest -g -O2   conftest.cpp -lz  >&5
configure:5714: $? = 0
configure:5714: result: yes
configure:5714: checking for memset
configure:5714: g++ -o conftest -g -O2   conftest.cpp -lz  >&5
configure:5714: $? = 0
configure:5714: result: yes
configure:5714: checking for select
configure:5714: g++ -o conftest -g -O2   conftest.cpp -lz  >&5
configure:5714: $? = 0
configure:5714: result: yes
configure:5726: checking for strerror
configure:5726: g++ -o conftest -g -O2   conftest.cpp -lz  >&5
configure:5726: $? = 0
configure:5726: result: yes
configure:5726: checking for strstr
configure:5726: g++ -o conftest -g -O2   conftest.cpp -lz  >&5
configure:5726: $? = 0
configure:5726: result: yes
configure:5726: checking for strtol
configure:5726: g++ -o conftest -g -O2   conftest.cpp -lz  >&5
configure:5726: $? = 0
configure:5726: result: yes
configure:5738: checking for setuid
configure:5738: g++ -o conftest -g -O2   conftest.cpp -lz  >&5
configure:5738: $? = 0
configure:5738: result: yes
configure:5738: checking for setgid
configure:5738: g++ -o conftest -g -O2   conftest.cpp -lz  >&5
configure:5738: $? = 0
configure:5738: result: yes
configure:5738: checking for umask
configure:5738: g++ -o conftest -g -O2   conftest.cpp -lz  >&5
configure:5738: $? = 0
configure:5738: result: yes
configure:5738: checking for seteuid
configure:5738: g++ -o conftest -g -O2   conftest.cpp -lz  >&5
configure:5738: $? = 0
configure:5738: result: yes
configure:5738: checking for setreuid
configure:5738: g++ -o conftest -g -O2   conftest.cpp -lz  >&5
configure:5738: $? = 0
configure:5738: result: yes
configure:5738: checking for setlocale
configure:5738: g++ -o conftest -g -O2   conftest.cpp -lz  >&5
configure:5738: $? = 0
configure:5738: result: yes
configure:5747: checking for library containing floor
configure:5778: g++ -o conftest -g -O2   conftest.cpp -lz  >&5
configure:5778: $? = 0
configure:5795: result: none required
configure:5803: checking for library containing gethostbyname
configure:5834: g++ -o conftest -g -O2   conftest.cpp -lz  >&5
configure:5834: $? = 0
configure:5851: result: none required
configure:5859: checking for library containing socket
configure:5890: g++ -o conftest -g -O2   conftest.cpp -lz  >&5
configure:5890: $? = 0
configure:5907: result: none required
configure:5959: checking for library containing inet_aton
configure:5990: g++ -o conftest -g -O2   conftest.cpp -lz  >&5
configure:5990: $? = 0
configure:6007: result: none required
configure:6102: checking for backside with both hands
configure:6104: result: no
configure:6106: checking build os
configure:6112: checking build system type
configure:6126: result: i686-pc-linux-gnu
configure:6146: result: linux-gnu
configure:6149: checking for debug option
configure:6168: result: no
configure:6175: checking for proxy user
configure:6181: result: yes
configure:6201: checking for proxy group
configure:6207: result: yes
configure:6227: checking for piddir
configure:6244: result: no
configure:6260: checking for logdir
configure:6277: result: no
configure:6346: checking for pkg-config
configure:6364: found /usr/bin/pkg-config
configure:6376: result: /usr/bin/pkg-config
configure:6401: checking pkg-config is at least version 0.9.0
configure:6404: result: yes
configure:6414: checking for PCRE support
configure:6424: result: yes
configure:6440: checking for PCRE
configure:6447: $PKG_CONFIG --exists --print-errors "libpcre >= 6.0"
configure:6450: $? = 0
configure:6464: $PKG_CONFIG --exists --print-errors "libpcre >= 6.0"
configure:6467: $? = 0
configure:6525: result: yes
configure:6556: checking for backtrace on segfault support
configure:6642: result: no
configure:6649: checking for large file support
configure:6675: result: yes
configure:6683: checking for original destination IP checking support
configure:6704: result: no
configure:6717: checking for type collision with off_t
configure:6739: g++ -c -g -O2 -D_LARGEFILE_SOURCE -D_FILE_OFFSET_BITS=64  conftest.cpp >&5
configure:6739: $? = 0
configure:6741: result: no
configure:6761: checking for clamd support
configure:6783: result: no
configure:6802: checking for avastd support
configure:6824: result: no
configure:6854: checking Default FD_SETSIZE value
configure:6892: g++ -o conftest -g -O2 -D_LARGEFILE_SOURCE -D_FILE_OFFSET_BITS=64    conftest.cpp -lz   >&5
conftest.cpp: In function 'int main(int, char**)':
conftest.cpp:84: error: 'FILE' was not declared in this scope
conftest.cpp:84: error: 'fp' was not declared in this scope
conftest.cpp:84: error: 'fopen' was not declared in this scope
conftest.cpp:85: error: 'fprintf' was not declared in this scope
configure:6892: $? = 1
configure: program exited with status 1
configure: failed program was:
| /* confdefs.h */
| #define PACKAGE_NAME "dansguardian"
| #define PACKAGE_TARNAME "dansguardian"
| #define PACKAGE_VERSION "2.12.0.7 http://numsys.eu - Unofficial Release ! -"
| #define PACKAGE_STRING "dansguardian 2.12.0.7"
| #define PACKAGE_BUGREPORT ""
| #define PACKAGE_URL ""
| #define PACKAGE "dansguardian"
| #define VERSION "2.12.0.4"
| #define STDC_HEADERS 1
| #define HAVE_SYS_TYPES_H 1
| #define HAVE_SYS_STAT_H 1
| #define HAVE_STDLIB_H 1
| #define HAVE_STRING_H 1
| #define HAVE_MEMORY_H 1
| #define HAVE_STRINGS_H 1
| #define HAVE_INTTYPES_H 1
| #define HAVE_STDINT_H 1
| #define HAVE_UNISTD_H 1
| #define HAVE_ARPA_INET_H 1
| #define HAVE_FCNTL_H 1
| #define HAVE_LIMITS_H 1
| #define HAVE_NETDB_H 1
| #define HAVE_NETINET_IN_H 1
| #define HAVE_STDLIB_H 1
| #define HAVE_STRING_H 1
| #define HAVE_SYS_SOCKET_H 1
| #define HAVE_SYS_TIME_H 1
| #define HAVE_SYSLOG_H 1
| #define HAVE_UNISTD_H 1
| #define HAVE_LOCALE_H 1
| #define HAVE_SYS_TYPES_H 1
| #define HAVE_SYS_UN_H 1
| #define HAVE_SYS_POLL_H 1
| #define HAVE_SYS_RESOURCE_H 1
| #define HAVE_PWD_H 1
| #define HAVE_GRP_H 1
| #define HAVE_BYTESWAP_H 1
| #define HAVE_ZLIB_H 1
| #define HAVE_FORK 1
| #define HAVE_VFORK 1
| #define HAVE_WORKING_VFORK 1
| #define HAVE_WORKING_FORK 1
| #define HAVE_DUP2 1
| #define HAVE_GETTIMEOFDAY 1
| #define HAVE_MEMSET 1
| #define HAVE_SELECT 1
| #define HAVE_STRERROR 1
| #define HAVE_STRSTR 1
| #define HAVE_STRTOL 1
| #define HAVE_SETUID 1
| #define HAVE_SETGID 1
| #define HAVE_UMASK 1
| #define HAVE_SETEUID 1
| #define HAVE_SETREUID 1
| #define HAVE_SETLOCALE 1
| #define HAVE_PCRE /**/
| /* end confdefs.h.  */
| 
| #if HAVE_STDIO_H
| #include <stdio.h>
| #endif
| #if HAVE_UNISTD_H
| #include <unistd.h>
| #endif
| #if HAVE_STDLIB_H
| #include <stdlib.h>
| #endif
| #if HAVE_SYS_TIME_H
| #include <sys/time.h>
| #endif
| #if HAVE_SYS_SELECT_H
| #include <sys/select.h>
| #endif
| #if HAVE_SYS_TYPES_H
| #include <sys/types.h>
| #endif
| #if HAVE_WINSOCK2_H
| #include <winsock2.h>
| #elif HAVE_WINSOCK_H
| #include <winsock.h>
| #endif
| int main(int argc, char **argv) {
| 	FILE *fp = fopen("conftestval", "w");
| 	fprintf (fp, "%d\n", FD_SETSIZE);
| 	return 0;
| }
| 
configure:6901: result: 256
configure:7064: forcing use of 8196 filedescriptors (user-forced)
configure:7084: checking for icap support
configure:7106: result: no
configure:7125: checking for kavd support
configure:7147: result: no
configure:7166: checking for command-line content scanner support
configure:7176: result: yes
configure:7224: checking for fancy download manager support
configure:7248: result: yes
configure:7268: checking for trickle download manager support
configure:7278: result: yes
configure:7318: checking for NTLM support
configure:7323: result: no
configure:7579: checking for email notification support
configure:7594: result: no
configure:7856: creating ./config.status

## ---------------------- ##
## Running config.status. ##
## ---------------------- ##

This file was extended by dansguardian config.status 2.12.0.0, which was
generated by GNU Autoconf 2.68.  Invocation command line was

  CONFIG_FILES    = 
  CONFIG_HEADERS  = 
  CONFIG_LINKS    = 
  CONFIG_COMMANDS = 
  $ ./config.status 

on debian-squeeze

config.status:1004: creating Makefile
config.status:1004: creating data/Makefile
config.status:1004: creating data/languages/Makefile
config.status:1004: creating data/scripts/Makefile
config.status:1004: creating data/scripts/bsd-init
config.status:1004: creating data/scripts/dansguardian
config.status:1004: creating data/scripts/logrotation
config.status:1004: creating data/scripts/solaris-init
config.status:1004: creating data/scripts/systemv-init
config.status:1004: creating doc/Makefile
config.status:1004: creating configs/dansguardian.conf
config.status:1004: creating configs/dansguardianf1.conf
config.status:1004: creating configs/Makefile
config.status:1004: creating configs/lists/Makefile
config.status:1004: creating configs/lists/phraselists/Makefile
config.status:1004: creating configs/lists/blacklists/Makefile
config.status:1004: creating configs/lists/bannedrooms/Makefile
config.status:1004: creating configs/lists/contentscanners/Makefile
config.status:1004: creating configs/lists/weightedphraselist
config.status:1004: creating configs/lists/exceptionphraselist
config.status:1004: creating configs/lists/bannedphraselist
config.status:1004: creating configs/lists/bannedurllist
config.status:1004: creating configs/lists/bannedsitelist
config.status:1004: creating configs/downloadmanagers/Makefile
config.status:1004: creating configs/downloadmanagers/default.conf
config.status:1004: creating configs/downloadmanagers/fancy.conf
config.status:1004: creating configs/downloadmanagers/trickle.conf
config.status:1004: creating configs/contentscanners/Makefile
config.status:1004: creating configs/contentscanners/clamdscan.conf
config.status:1004: creating configs/contentscanners/avastdscan.conf
config.status:1004: creating configs/contentscanners/icapscan.conf
config.status:1004: creating configs/contentscanners/kavdscan.conf
config.status:1004: creating configs/contentscanners/commandlinescan.conf
config.status:1004: creating configs/authplugins/Makefile
config.status:1004: creating configs/authplugins/ip.conf
config.status:1004: creating configs/lists/authplugins/Makefile
config.status:1004: creating configs/lists/downloadmanagers/Makefile
config.status:1004: creating src/Makefile
config.status:1004: creating dgconfig.h
config.status:1233: executing depfiles commands

## ---------------- ##
## Cache variables. ##
## ---------------- ##

ac_cv_build=i686-pc-linux-gnu
ac_cv_c_bigendian=no
ac_cv_c_compiler_gnu=yes
ac_cv_cxx_compiler_gnu=yes
ac_cv_env_CCC_set=
ac_cv_env_CCC_value=
ac_cv_env_CC_set=set
ac_cv_env_CC_value=cc
ac_cv_env_CFLAGS_set=set
ac_cv_env_CFLAGS_value='-g -O2'
ac_cv_env_CPPFLAGS_set=set
ac_cv_env_CPPFLAGS_value=
ac_cv_env_CPP_set=
ac_cv_env_CPP_value=
ac_cv_env_CXXCPP_set=
ac_cv_env_CXXCPP_value=
ac_cv_env_CXXFLAGS_set=set
ac_cv_env_CXXFLAGS_value='-g -O2'
ac_cv_env_CXX_set=set
ac_cv_env_CXX_value=g++
ac_cv_env_LDFLAGS_set=set
ac_cv_env_LDFLAGS_value=
ac_cv_env_LIBS_set=
ac_cv_env_LIBS_value=
ac_cv_env_PCRE_CFLAGS_set=
ac_cv_env_PCRE_CFLAGS_value=
ac_cv_env_PCRE_LIBS_set=
ac_cv_env_PCRE_LIBS_value=
ac_cv_env_PKG_CONFIG_LIBDIR_set=
ac_cv_env_PKG_CONFIG_LIBDIR_value=
ac_cv_env_PKG_CONFIG_PATH_set=
ac_cv_env_PKG_CONFIG_PATH_value=
ac_cv_env_PKG_CONFIG_set=
ac_cv_env_PKG_CONFIG_value=
ac_cv_env_build_alias_set=
ac_cv_env_build_alias_value=
ac_cv_env_host_alias_set=
ac_cv_env_host_alias_value=
ac_cv_env_target_alias_set=
ac_cv_env_target_alias_value=
ac_cv_func_dup2=yes
ac_cv_func_fork=yes
ac_cv_func_fork_works=yes
ac_cv_func_gettimeofday=yes
ac_cv_func_memset=yes
ac_cv_func_select=yes
ac_cv_func_seteuid=yes
ac_cv_func_setgid=yes
ac_cv_func_setlocale=yes
ac_cv_func_setreuid=yes
ac_cv_func_setuid=yes
ac_cv_func_strerror=yes
ac_cv_func_strstr=yes
ac_cv_func_strtol=yes
ac_cv_func_umask=yes
ac_cv_func_vfork=yes
ac_cv_func_vfork_works=yes
ac_cv_header_arpa_inet_h=yes
ac_cv_header_byteswap_h=yes
ac_cv_header_fcntl_h=yes
ac_cv_header_grp_h=yes
ac_cv_header_inttypes_h=yes
ac_cv_header_limits_h=yes
ac_cv_header_locale_h=yes
ac_cv_header_memory_h=yes
ac_cv_header_netdb_h=yes
ac_cv_header_netinet_in_h=yes
ac_cv_header_pwd_h=yes
ac_cv_header_stdc=yes
ac_cv_header_stdint_h=yes
ac_cv_header_stdlib_h=yes
ac_cv_header_string_h=yes
ac_cv_header_strings_h=yes
ac_cv_header_sys_poll_h=yes
ac_cv_header_sys_resource_h=yes
ac_cv_header_sys_socket_h=yes
ac_cv_header_sys_stat_h=yes
ac_cv_header_sys_time_h=yes
ac_cv_header_sys_types_h=yes
ac_cv_header_sys_un_h=yes
ac_cv_header_syslog_h=yes
ac_cv_header_unistd_h=yes
ac_cv_header_vfork_h=no
ac_cv_header_zlib_h=yes
ac_cv_lib_z_gzdopen=yes
ac_cv_objext=o
ac_cv_path_EGREP='/bin/grep -E'
ac_cv_path_GREP=/bin/grep
ac_cv_path_ac_pt_PKG_CONFIG=/usr/bin/pkg-config
ac_cv_path_install='/usr/bin/install -c'
ac_cv_path_mkdir=/bin/mkdir
ac_cv_prog_AWK=mawk
ac_cv_prog_CPP='cc -E'
ac_cv_prog_CXXCPP='g++ -E'
ac_cv_prog_ac_ct_CC=cc
ac_cv_prog_cc_c89=
ac_cv_prog_cc_g=yes
ac_cv_prog_cxx_g=yes
ac_cv_prog_make_make_set=yes
ac_cv_search_floor='none required'
ac_cv_search_gethostbyname='none required'
ac_cv_search_inet_aton='none required'
ac_cv_search_socket='none required'
ac_cv_type_off_t=yes
ac_cv_type_pid_t=yes
ac_cv_type_size_t=yes
ac_cv_type_uid_t=yes
am_cv_CC_dependencies_compiler_type=gcc3
am_cv_CXX_dependencies_compiler_type=gcc3
pkg_cv_PCRE_CFLAGS=' '
pkg_cv_PCRE_LIBS='-lpcre  '

## ----------------- ##
## Output variables. ##
## ----------------- ##

ACLOCAL='${SHELL} /home/fred/dansguardian-2.12.0.7/missing --run aclocal-1.11'
AMDEPBACKSLASH='\'
AMDEP_FALSE='#'
AMDEP_TRUE=''
AMTAR='$${TAR-tar}'
AUTOCONF='${SHELL} /home/fred/dansguardian-2.12.0.7/missing --run autoconf'
AUTOHEADER='${SHELL} /home/fred/dansguardian-2.12.0.7/missing --run autoheader'
AUTOMAKE='${SHELL} /home/fred/dansguardian-2.12.0.7/missing --run automake-1.11'
AVASTDSUPPORT='!! Not compiled !! '
AWK='mawk'
CC='cc'
CCDEPMODE='depmode=gcc3'
CFLAGS='-g -O2'
CLAMDSUPPORT='!! Not compiled !! '
COMMANDLINESUPPORT=''
CPP='cc -E'
CPPFLAGS=''
CXX='g++'
CXXCPP='g++ -E'
CXXDEPMODE='depmode=gcc3'
CXXFLAGS='-g -O2 -D_LARGEFILE_SOURCE -D_FILE_OFFSET_BITS=64'
CYGPATH_W='echo'
DEFS='-DHAVE_CONFIG_H'
DEPDIR='.deps'
DGBINDIR='/usr/sbin'
DGCONFDIR='/etc/dansguardian'
DGCONFFILE='/etc/dansguardian/dansguardian.conf'
DGDATADIR='/usr/share/dansguardian'
DGLIBDIR='/usr/lib/dansguardian'
DGLOGLOCATION='/var/log/dansguardian'
DGPIDDIR='/var/run'
DGPROXYGROUP='dansguardian'
DGPROXYUSER='dansguardian'
ECHO_C=''
ECHO_N='-n'
ECHO_T=''
EGREP='/bin/grep -E'
EMAILSUPPORT='#!! Not compiled !!'
ENABLE_AVASTD_FALSE=''
ENABLE_AVASTD_TRUE='#'
ENABLE_CLAMD_FALSE=''
ENABLE_CLAMD_TRUE='#'
ENABLE_COMMANDLINE_FALSE='#'
ENABLE_COMMANDLINE_TRUE=''
ENABLE_FANCYDM_FALSE='#'
ENABLE_FANCYDM_TRUE=''
ENABLE_ICAP_FALSE=''
ENABLE_ICAP_TRUE='#'
ENABLE_KAVD_FALSE=''
ENABLE_KAVD_TRUE='#'
ENABLE_NTLM_FALSE=''
ENABLE_NTLM_TRUE='#'
ENABLE_TRICKLEDM_FALSE='#'
ENABLE_TRICKLEDM_TRUE=''
EXEEXT=''
FANCYSUPPORT=''
GREP='/bin/grep'
HAVE_PCRE_FALSE='#'
HAVE_PCRE_TRUE=''
ICAPSUPPORT='!! Not compiled !! '
INSTALL_DATA='${INSTALL} -m 644'
INSTALL_PROGRAM='${INSTALL}'
INSTALL_SCRIPT='${INSTALL}'
INSTALL_STRIP_PROGRAM='$(install_sh) -c -s'
KAVDSUPPORT='!! Not compiled !! '
LDFLAGS=' '
LIBOBJS=''
LIBS='-lz  '
LN_S='ln -s'
LTLIBOBJS=''
MAKEINFO='${SHELL} /home/fred/dansguardian-2.12.0.7/missing --run makeinfo'
MKDIR_P='/bin/mkdir -p'
NEED_CSCONFIGS_FALSE='#'
NEED_CSCONFIGS_TRUE=''
NEED_CSLISTS_FALSE='#'
NEED_CSLISTS_TRUE=''
NEED_DMLISTS_FALSE='#'
NEED_DMLISTS_TRUE=''
NTLMSUPPORT='!! Not compiled !! '
OBJEXT='o'
ORIGIPSUPPORT='#!! Not compiled !! '
PACKAGE='dansguardian'
PACKAGE_BUGREPORT=''
PACKAGE_NAME='dansguardian'
PACKAGE_STRING='dansguardian 2.12.0.7'
PACKAGE_TARNAME='dansguardian'
PACKAGE_URL=''
PACKAGE_VERSION='2.12.0.7 http://numsys.eu - Unofficial Release ! -'
PATH_SEPARATOR=':'
PCRE_CFLAGS=' '
PCRE_LIBS='-lpcreposix -lpcre  '
PKG_CONFIG='/usr/bin/pkg-config'
PKG_CONFIG_LIBDIR=''
PKG_CONFIG_PATH=''
SET_MAKE=''
SHELL='/bin/bash'
STRIP=''
TRICKLESUPPORT=''
VERSION='2.12.0.4'
ac_ct_CC='cc'
ac_ct_CXX=''
am__EXEEXT_FALSE=''
am__EXEEXT_TRUE='#'
am__fastdepCC_FALSE='#'
am__fastdepCC_TRUE=''
am__fastdepCXX_FALSE='#'
am__fastdepCXX_TRUE=''
am__include='include'
am__isrc=''
am__leading_dot='.'
am__nodep='_no'
am__quote=''
am__tar='$${TAR-tar} chof - "$$tardir"'
am__untar='$${TAR-tar} xf -'
bindir='${exec_prefix}/bin'
build='i686-pc-linux-gnu'
build_alias=''
build_cpu='i686'
build_os='linux-gnu'
build_vendor='pc'
datadir='${datarootdir}'
datarootdir='${prefix}/share'
docdir='${datarootdir}/doc/${PACKAGE_TARNAME}'
dvidir='${docdir}'
exec_prefix='${prefix}'
host_alias=''
htmldir='${docdir}'
includedir='${prefix}/include'
infodir='${prefix}/share/info'
install_sh='${SHELL} /home/fred/dansguardian-2.12.0.7/install-sh'
libdir='${exec_prefix}/lib/dansguardian'
libexecdir='${exec_prefix}/libexec'
localedir='${datarootdir}/locale'
localstatedir='/var'
mandir='${prefix}/share/man'
mkdir_p='/bin/mkdir -p'
oldincludedir='/usr/include'
pdfdir='${docdir}'
prefix='/usr'
program_transform_name='s,x,x,'
psdir='${docdir}'
sbindir='${exec_prefix}/sbin'
sharedstatedir='${prefix}/com'
sysconfdir='/etc'
target_alias=''

## ----------- ##
## confdefs.h. ##
## ----------- ##

/* confdefs.h */
#define PACKAGE_NAME "dansguardian"
#define PACKAGE_TARNAME "dansguardian"
#define PACKAGE_VERSION "2.12.0.7 http://numsys.eu - Unofficial Release ! -"
#define PACKAGE_STRING "dansguardian 2.12.0.7"
#define PACKAGE_BUGREPORT ""
#define PACKAGE_URL ""
#define PACKAGE "dansguardian"
#define VERSION "2.12.0.4"
#define STDC_HEADERS 1
#define HAVE_SYS_TYPES_H 1
#define HAVE_SYS_STAT_H 1
#define HAVE_STDLIB_H 1
#define HAVE_STRING_H 1
#define HAVE_MEMORY_H 1
#define HAVE_STRINGS_H 1
#define HAVE_INTTYPES_H 1
#define HAVE_STDINT_H 1
#define HAVE_UNISTD_H 1
#define HAVE_ARPA_INET_H 1
#define HAVE_FCNTL_H 1
#define HAVE_LIMITS_H 1
#define HAVE_NETDB_H 1
#define HAVE_NETINET_IN_H 1
#define HAVE_STDLIB_H 1
#define HAVE_STRING_H 1
#define HAVE_SYS_SOCKET_H 1
#define HAVE_SYS_TIME_H 1
#define HAVE_SYSLOG_H 1
#define HAVE_UNISTD_H 1
#define HAVE_LOCALE_H 1
#define HAVE_SYS_TYPES_H 1
#define HAVE_SYS_UN_H 1
#define HAVE_SYS_POLL_H 1
#define HAVE_SYS_RESOURCE_H 1
#define HAVE_PWD_H 1
#define HAVE_GRP_H 1
#define HAVE_BYTESWAP_H 1
#define HAVE_ZLIB_H 1
#define HAVE_FORK 1
#define HAVE_VFORK 1
#define HAVE_WORKING_VFORK 1
#define HAVE_WORKING_FORK 1
#define HAVE_DUP2 1
#define HAVE_GETTIMEOFDAY 1
#define HAVE_MEMSET 1
#define HAVE_SELECT 1
#define HAVE_STRERROR 1
#define HAVE_STRSTR 1
#define HAVE_STRTOL 1
#define HAVE_SETUID 1
#define HAVE_SETGID 1
#define HAVE_UMASK 1
#define HAVE_SETEUID 1
#define HAVE_SETREUID 1
#define HAVE_SETLOCALE 1
#define HAVE_PCRE /**/
#define DEFAULT_FD_SETSIZE 256
#define DANS_MAXFD 8196
#define ENABLE_COMMANDLINE /**/
#define ENABLE_FANCYDM /**/
#define ENABLE_TRICKLEDM /**/
#define DG_CONFIGURE_OPTIONS " '--mandir=/usr/share/man/' '--with-proxyuser=dansguardian' '--with-proxygroup=dansguardian' '--prefix=/usr' '--mandir=${prefix}/share/man' '--infodir=${prefix}/share/info' '--sysconfdir=/etc' '--localstatedir=/var' '--enable-commandline=yes' '--enable-trickledm=yes' 'CXX=g++' 'CXXFLAGS=-g -O2' 'LDFLAGS=' 'CPPFLAGS=' 'CC=cc' 'CFLAGS=-g -O2' '--enable-email=no' '--enable-ntlm=no' '--enable-pcre=yes' '--with-filedescriptors=8196'"

configure: exit 0
